  Main.cpp
D:\VisualStudio2019\C++\Cpp-SFML\CppProjectVerhilleCasparBrickBreaker\Main.cpp(31,105): warning C4244: 'argument': conversion from 'T' to 'T', possible loss of data
          with
          [
              T=unsigned int
          ]
          and
          [
              T=float
          ]
D:\VisualStudio2019\C++\Cpp-SFML\CppProjectVerhilleCasparBrickBreaker\Main.cpp(32,122): warning C4244: 'argument': conversion from 'T' to 'T', possible loss of data
          with
          [
              T=unsigned int
          ]
          and
          [
              T=float
          ]
D:\VisualStudio2019\C++\Cpp-SFML\CppProjectVerhilleCasparBrickBreaker\Main.cpp(33,70): warning C4244: 'argument': conversion from 'T' to 'T', possible loss of data
          with
          [
              T=unsigned int
          ]
          and
          [
              T=float
          ]
D:\VisualStudio2019\C++\Cpp-SFML\CppProjectVerhilleCasparBrickBreaker\Main.cpp(33,124): warning C4244: 'argument': conversion from 'T' to 'T', possible loss of data
          with
          [
              T=unsigned int
          ]
          and
          [
              T=float
          ]
D:\VisualStudio2019\C++\Cpp-SFML\CppProjectVerhilleCasparBrickBreaker\Main.cpp(107,17): warning C4244: 'initializing': conversion from 'int' to 'float', possible loss of data
D:\VisualStudio2019\C++\Cpp-SFML\CppProjectVerhilleCasparBrickBreaker\Main.cpp(109,17): warning C4244: 'initializing': conversion from 'int' to 'float', possible loss of data
  CppProjectVerhilleCasparBrickBreaker.vcxproj -> D:\VisualStudio2019\C++\Cpp-SFML\Debug\CppProjectVerhilleCasparBrickBreaker.exe
